{"/home/w/frontend-project-lvl2/src/diffEngine.js": {"path":"/home/w/frontend-project-lvl2/src/diffEngine.js","statementMap":{"0":{"start":{"line":5,"column":20},"end":{"line":5,"column":58}},"1":{"start":{"line":6,"column":20},"end":{"line":6,"column":58}},"2":{"start":{"line":8,"column":22},"end":{"line":8,"column":44}},"3":{"start":{"line":9,"column":22},"end":{"line":9,"column":44}},"4":{"start":{"line":11,"column":31},"end":{"line":17,"column":3}},"5":{"start":{"line":19,"column":2},"end":{"line":30,"column":5}},"6":{"start":{"line":20,"column":18},"end":{"line":20,"column":32}},"7":{"start":{"line":21,"column":4},"end":{"line":23,"column":5}},"8":{"start":{"line":22,"column":6},"end":{"line":22,"column":54}},"9":{"start":{"line":24,"column":4},"end":{"line":26,"column":5}},"10":{"start":{"line":25,"column":6},"end":{"line":25,"column":57}},"11":{"start":{"line":27,"column":4},"end":{"line":29,"column":5}},"12":{"start":{"line":28,"column":6},"end":{"line":28,"column":56}},"13":{"start":{"line":32,"column":2},"end":{"line":40,"column":5}},"14":{"start":{"line":33,"column":18},"end":{"line":33,"column":32}},"15":{"start":{"line":34,"column":4},"end":{"line":36,"column":5}},"16":{"start":{"line":35,"column":6},"end":{"line":35,"column":54}},"17":{"start":{"line":37,"column":4},"end":{"line":39,"column":5}},"18":{"start":{"line":38,"column":6},"end":{"line":38,"column":57}},"19":{"start":{"line":42,"column":2},"end":{"line":42,"column":50}}},"fnMap":{"0":{"name":"genDiff","decl":{"start":{"line":4,"column":9},"end":{"line":4,"column":16}},"loc":{"start":{"line":4,"column":39},"end":{"line":43,"column":1}},"line":4},"1":{"name":"(anonymous_1)","decl":{"start":{"line":19,"column":22},"end":{"line":19,"column":23}},"loc":{"start":{"line":19,"column":31},"end":{"line":30,"column":3}},"line":19},"2":{"name":"(anonymous_2)","decl":{"start":{"line":32,"column":22},"end":{"line":32,"column":23}},"loc":{"start":{"line":32,"column":31},"end":{"line":40,"column":3}},"line":32}},"branchMap":{"0":{"loc":{"start":{"line":21,"column":4},"end":{"line":23,"column":5}},"type":"if","locations":[{"start":{"line":21,"column":4},"end":{"line":23,"column":5}},{"start":{"line":21,"column":4},"end":{"line":23,"column":5}}],"line":21},"1":{"loc":{"start":{"line":24,"column":4},"end":{"line":26,"column":5}},"type":"if","locations":[{"start":{"line":24,"column":4},"end":{"line":26,"column":5}},{"start":{"line":24,"column":4},"end":{"line":26,"column":5}}],"line":24},"2":{"loc":{"start":{"line":24,"column":8},"end":{"line":24,"column":65}},"type":"binary-expr","locations":[{"start":{"line":24,"column":9},"end":{"line":24,"column":34}},{"start":{"line":24,"column":40},"end":{"line":24,"column":64}}],"line":24},"3":{"loc":{"start":{"line":27,"column":4},"end":{"line":29,"column":5}},"type":"if","locations":[{"start":{"line":27,"column":4},"end":{"line":29,"column":5}},{"start":{"line":27,"column":4},"end":{"line":29,"column":5}}],"line":27},"4":{"loc":{"start":{"line":34,"column":4},"end":{"line":36,"column":5}},"type":"if","locations":[{"start":{"line":34,"column":4},"end":{"line":36,"column":5}},{"start":{"line":34,"column":4},"end":{"line":36,"column":5}}],"line":34},"5":{"loc":{"start":{"line":37,"column":4},"end":{"line":39,"column":5}},"type":"if","locations":[{"start":{"line":37,"column":4},"end":{"line":39,"column":5}},{"start":{"line":37,"column":4},"end":{"line":39,"column":5}}],"line":37},"6":{"loc":{"start":{"line":37,"column":8},"end":{"line":37,"column":65}},"type":"binary-expr","locations":[{"start":{"line":37,"column":9},"end":{"line":37,"column":34}},{"start":{"line":37,"column":40},"end":{"line":37,"column":64}}],"line":37}},"s":{"0":1,"1":1,"2":1,"3":1,"4":1,"5":1,"6":4,"7":4,"8":1,"9":4,"10":1,"11":4,"12":2,"13":1,"14":3,"15":3,"16":1,"17":3,"18":1,"19":1},"f":{"0":1,"1":4,"2":3},"b":{"0":[1,3],"1":[1,3],"2":[4,2],"3":[2,2],"4":[1,2],"5":[1,2],"6":[3,2]},"_coverageSchema":"1a1c01bbd47fc00a2c39e90264f33305004495a9","hash":"e9904028404634a4a21dae0890bb869d8ed5f045"}
,"/home/w/frontend-project-lvl2/src/getStrOfDiff.js": {"path":"/home/w/frontend-project-lvl2/src/getStrOfDiff.js","statementMap":{"0":{"start":{"line":2,"column":15},"end":{"line":2,"column":17}},"1":{"start":{"line":3,"column":2},"end":{"line":5,"column":5}},"2":{"start":{"line":4,"column":4},"end":{"line":4,"column":45}},"3":{"start":{"line":6,"column":2},"end":{"line":8,"column":5}},"4":{"start":{"line":7,"column":4},"end":{"line":7,"column":46}},"5":{"start":{"line":9,"column":2},"end":{"line":11,"column":5}},"6":{"start":{"line":10,"column":4},"end":{"line":10,"column":46}},"7":{"start":{"line":12,"column":2},"end":{"line":14,"column":5}},"8":{"start":{"line":13,"column":4},"end":{"line":13,"column":46}},"9":{"start":{"line":15,"column":2},"end":{"line":17,"column":5}},"10":{"start":{"line":16,"column":4},"end":{"line":16,"column":46}},"11":{"start":{"line":18,"column":2},"end":{"line":19,"column":15}}},"fnMap":{"0":{"name":"getStrOfDifference","decl":{"start":{"line":1,"column":9},"end":{"line":1,"column":27}},"loc":{"start":{"line":1,"column":33},"end":{"line":20,"column":1}},"line":1},"1":{"name":"(anonymous_1)","decl":{"start":{"line":3,"column":20},"end":{"line":3,"column":21}},"loc":{"start":{"line":3,"column":40},"end":{"line":5,"column":3}},"line":3},"2":{"name":"(anonymous_2)","decl":{"start":{"line":6,"column":23},"end":{"line":6,"column":24}},"loc":{"start":{"line":6,"column":43},"end":{"line":8,"column":3}},"line":6},"3":{"name":"(anonymous_3)","decl":{"start":{"line":9,"column":23},"end":{"line":9,"column":24}},"loc":{"start":{"line":9,"column":43},"end":{"line":11,"column":3}},"line":9},"4":{"name":"(anonymous_4)","decl":{"start":{"line":12,"column":20},"end":{"line":12,"column":21}},"loc":{"start":{"line":12,"column":40},"end":{"line":14,"column":3}},"line":12},"5":{"name":"(anonymous_5)","decl":{"start":{"line":15,"column":22},"end":{"line":15,"column":23}},"loc":{"start":{"line":15,"column":42},"end":{"line":17,"column":3}},"line":15}},"branchMap":{},"s":{"0":1,"1":1,"2":1,"3":1,"4":1,"5":1,"6":1,"7":1,"8":1,"9":1,"10":2,"11":1},"f":{"0":1,"1":1,"2":1,"3":1,"4":1,"5":2},"b":{},"_coverageSchema":"1a1c01bbd47fc00a2c39e90264f33305004495a9","hash":"ff04ea384091691cde26904c25d2f0335705a4f2"}
}
