TN:
SF:src/diffEngine.js
FN:4,genDiff
FN:19,(anonymous_1)
FN:32,(anonymous_2)
FNF:3
FNH:3
FNDA:1,genDiff
FNDA:4,(anonymous_1)
FNDA:3,(anonymous_2)
DA:5,1
DA:6,1
DA:8,1
DA:9,1
DA:11,1
DA:19,1
DA:20,4
DA:21,4
DA:22,1
DA:24,4
DA:25,1
DA:27,4
DA:28,2
DA:32,1
DA:33,3
DA:34,3
DA:35,1
DA:37,3
DA:38,1
DA:42,1
LF:20
LH:20
BRDA:21,0,0,1
BRDA:21,0,1,3
BRDA:24,1,0,1
BRDA:24,1,1,3
BRDA:24,2,0,4
BRDA:24,2,1,2
BRDA:27,3,0,2
BRDA:27,3,1,2
BRDA:34,4,0,1
BRDA:34,4,1,2
BRDA:37,5,0,1
BRDA:37,5,1,2
BRDA:37,6,0,3
BRDA:37,6,1,2
BRF:14
BRH:14
end_of_record
TN:
SF:src/getStrOfDiff.js
FN:1,getStrOfDifference
FN:3,(anonymous_1)
FN:6,(anonymous_2)
FN:9,(anonymous_3)
FN:12,(anonymous_4)
FN:15,(anonymous_5)
FNF:6
FNH:6
FNDA:1,getStrOfDifference
FNDA:1,(anonymous_1)
FNDA:1,(anonymous_2)
FNDA:1,(anonymous_3)
FNDA:1,(anonymous_4)
FNDA:2,(anonymous_5)
DA:2,1
DA:3,1
DA:4,1
DA:6,1
DA:7,1
DA:9,1
DA:10,1
DA:12,1
DA:13,1
DA:15,1
DA:16,2
DA:18,1
LF:12
LH:12
BRF:0
BRH:0
end_of_record
